<?xml version="1.0" encoding="UTF-8"?>
<!-- Generated by org.testng.reporters.JUnitXMLReporter -->
<testsuite hostname="A2MD19198" name="Test" tests="2" failures="1" timestamp="20 Dec 2016 06:23:52 GMT" time="93.417" errors="0">
  <testcase name="newRegisteration" time="60.427" classname="com.mindtree.test.Application"/>
  <testcase name="Login" time="32.979" classname="com.mindtree.test.Application">
    <failure type="junit.framework.AssertionFailedError" message="Login Failed">
      <![CDATA[junit.framework.AssertionFailedError: Login Failed
	at junit.framework.Assert.fail(Assert.java:57)
	at junit.framework.Assert.assertTrue(Assert.java:22)
	at junit.framework.Assert.assertFalse(Assert.java:39)
	at com.mindtree.test.Application.Login(Application.java:93)
... Removed 23 stack frames]]>
    </failure>
  </testcase> <!-- Login -->
</testsuite> <!-- Test -->
